naver_map/build/app/intermediates/manifest_merge_blame_file/debug/manifest-merger-blame-debug-report.txt
1<?xml version="1.0" encoding="utf-8"?>
2<manifest xmlns:android="http://schemas.android.com/apk/res/android"
3    package="com.example.naver_map"
4    android:versionCode="1"
5    android:versionName="1.0.0" >
6
7    <uses-sdk
8        android:minSdkVersion="16"
9        android:targetSdkVersion="33" />
10
11    <uses-permission android:name="android.permission.ACCESS_FINE_LOCATION" />
11-->src/debug/AndroidManifest.xml:3:5-78
11-->src/debug/AndroidManifest.xml:3:22-76
12    <uses-permission android:name="android.permission.FOREGROUND_SERVICE" />
12-->[:geolocator_android] AndroidManifest.xml:9:5-77
12-->[:geolocator_android] AndroidManifest.xml:9:22-74
13
14    <uses-feature
14-->[com.naver.maps:map-sdk:3.9.1] AndroidManifest.xml:11:5-13:35
15        android:glEsVersion="0x00020000"
15-->[com.naver.maps:map-sdk:3.9.1] AndroidManifest.xml:12:9-41
16        android:required="true" />
16-->[com.naver.maps:map-sdk:3.9.1] AndroidManifest.xml:13:9-32
17    <uses-feature
17-->[com.naver.maps:map-sdk:3.9.1] AndroidManifest.xml:14:5-16:36
18        android:name="android.hardware.wifi"
18-->[com.naver.maps:map-sdk:3.9.1] AndroidManifest.xml:15:9-45
19        android:required="false" />
19-->[com.naver.maps:map-sdk:3.9.1] AndroidManifest.xml:16:9-33
20
21    <uses-permission android:name="android.permission.INTERNET" />
21-->[com.naver.maps:map-sdk:3.9.1] AndroidManifest.xml:18:5-67
21-->[com.naver.maps:map-sdk:3.9.1] AndroidManifest.xml:18:22-64
22    <uses-permission android:name="android.permission.ACCESS_NETWORK_STATE" />
22-->[com.naver.maps:map-sdk:3.9.1] AndroidManifest.xml:19:5-79
22-->[com.naver.maps:map-sdk:3.9.1] AndroidManifest.xml:19:22-76
23    <uses-permission android:name="android.permission.ACCESS_WIFI_STATE" />
23-->[com.naver.maps:map-sdk:3.9.1] AndroidManifest.xml:20:5-76
23-->[com.naver.maps:map-sdk:3.9.1] AndroidManifest.xml:20:22-73
24
25    <permission
25-->[androidx.core:core:1.9.0] AndroidManifest.xml:22:5-24:47
26        android:name="com.example.naver_map.DYNAMIC_RECEIVER_NOT_EXPORTED_PERMISSION"
26-->[androidx.core:core:1.9.0] AndroidManifest.xml:23:9-81
27        android:protectionLevel="signature" />
27-->[androidx.core:core:1.9.0] AndroidManifest.xml:24:9-44
28
29    <uses-permission android:name="com.example.naver_map.DYNAMIC_RECEIVER_NOT_EXPORTED_PERMISSION" />
29-->[androidx.core:core:1.9.0] AndroidManifest.xml:26:5-97
29-->[androidx.core:core:1.9.0] AndroidManifest.xml:26:22-94
30
31    <application
32        android:name="android.app.Application"
32-->src/main/AndroidManifest.xml:5:9-42
33        android:appComponentFactory="androidx.core.app.CoreComponentFactory"
33-->[androidx.core:core:1.9.0] AndroidManifest.xml:28:18-86
34        android:debuggable="true"
35        android:icon="@mipmap/ic_launcher"
35-->src/main/AndroidManifest.xml:6:9-43
36        android:label="naver_map" >
36-->src/main/AndroidManifest.xml:4:9-34
37        <meta-data
37-->src/debug/AndroidManifest.xml:5:9-7:42
38            android:name="com.naver.maps.map.CLIENT_ID"
38-->src/debug/AndroidManifest.xml:6:13-56
39            android:value="c15ockgyt0" />
39-->src/debug/AndroidManifest.xml:7:13-39
40
41        <activity
41-->src/main/AndroidManifest.xml:7:9-27:20
42            android:name="com.example.naver_map.MainActivity"
42-->src/main/AndroidManifest.xml:8:13-41
43            android:configChanges="orientation|keyboardHidden|keyboard|screenSize|smallestScreenSize|locale|layoutDirection|fontScale|screenLayout|density|uiMode"
43-->src/main/AndroidManifest.xml:12:13-163
44            android:exported="true"
44-->src/main/AndroidManifest.xml:9:13-36
45            android:hardwareAccelerated="true"
45-->src/main/AndroidManifest.xml:13:13-47
46            android:launchMode="singleTop"
46-->src/main/AndroidManifest.xml:10:13-43
47            android:theme="@style/LaunchTheme"
47-->src/main/AndroidManifest.xml:11:13-47
48            android:windowSoftInputMode="adjustResize" >
48-->src/main/AndroidManifest.xml:14:13-55
49
50            <!--
51                 Specifies an Android theme to apply to this Activity as soon as
52                 the Android process has started. This theme is visible to the user
53                 while the Flutter UI initializes. After that, this theme continues
54                 to determine the Window background behind the Flutter UI.
55            -->
56            <meta-data
56-->src/main/AndroidManifest.xml:19:13-22:17
57                android:name="io.flutter.embedding.android.NormalTheme"
57-->src/main/AndroidManifest.xml:20:15-70
58                android:resource="@style/NormalTheme" />
58-->src/main/AndroidManifest.xml:21:15-52
59
60            <intent-filter>
60-->src/main/AndroidManifest.xml:23:13-26:29
61                <action android:name="android.intent.action.MAIN" />
61-->src/main/AndroidManifest.xml:24:17-68
61-->src/main/AndroidManifest.xml:24:25-66
62
63                <category android:name="android.intent.category.LAUNCHER" />
63-->src/main/AndroidManifest.xml:25:17-76
63-->src/main/AndroidManifest.xml:25:27-74
64            </intent-filter>
65        </activity>
66        <!--
67 Don't delete the meta-data below.
68             This is used by the Flutter tool to generate GeneratedPluginRegistrant.java
69        -->
70        <meta-data
70-->src/main/AndroidManifest.xml:30:9-32:33
71            android:name="flutterEmbedding"
71-->src/main/AndroidManifest.xml:31:13-44
72            android:value="2" />
72-->src/main/AndroidManifest.xml:32:13-30
73
74        <service
74-->[:geolocator_android] AndroidManifest.xml:12:9-16:56
75            android:name="com.baseflow.geolocator.GeolocatorLocationService"
75-->[:geolocator_android] AndroidManifest.xml:13:13-77
76            android:enabled="true"
76-->[:geolocator_android] AndroidManifest.xml:14:13-35
77            android:exported="false"
77-->[:geolocator_android] AndroidManifest.xml:15:13-37
78            android:foregroundServiceType="location" />
78-->[:geolocator_android] AndroidManifest.xml:16:13-53
79
80        <uses-library
80-->[androidx.window:window:1.0.0-beta04] AndroidManifest.xml:25:9-27:40
81            android:name="androidx.window.extensions"
81-->[androidx.window:window:1.0.0-beta04] AndroidManifest.xml:26:13-54
82            android:required="false" />
82-->[androidx.window:window:1.0.0-beta04] AndroidManifest.xml:27:13-37
83        <uses-library
83-->[androidx.window:window:1.0.0-beta04] AndroidManifest.xml:28:9-30:40
84            android:name="androidx.window.sidecar"
84-->[androidx.window:window:1.0.0-beta04] AndroidManifest.xml:29:13-51
85            android:required="false" />
85-->[androidx.window:window:1.0.0-beta04] AndroidManifest.xml:30:13-37
86
87        <activity
87-->[com.naver.maps:map-sdk:3.9.1] AndroidManifest.xml:23:9-27:51
88            android:name="com.naver.maps.map.app.LegendActivity"
88-->[com.naver.maps:map-sdk:3.9.1] AndroidManifest.xml:24:13-65
89            android:configChanges="screenSize|smallestScreenSize|screenLayout|orientation"
89-->[com.naver.maps:map-sdk:3.9.1] AndroidManifest.xml:25:13-91
90            android:label="@string/navermap_legend"
90-->[com.naver.maps:map-sdk:3.9.1] AndroidManifest.xml:26:13-52
91            android:theme="@style/navermap_app" />
91-->[com.naver.maps:map-sdk:3.9.1] AndroidManifest.xml:27:13-48
92        <activity
92-->[com.naver.maps:map-sdk:3.9.1] AndroidManifest.xml:28:9-32:51
93            android:name="com.naver.maps.map.app.LegalNoticeActivity"
93-->[com.naver.maps:map-sdk:3.9.1] AndroidManifest.xml:29:13-70
94            android:configChanges="screenSize|smallestScreenSize|screenLayout|orientation"
94-->[com.naver.maps:map-sdk:3.9.1] AndroidManifest.xml:30:13-91
95            android:label="@string/navermap_legal_notice"
95-->[com.naver.maps:map-sdk:3.9.1] AndroidManifest.xml:31:13-58
96            android:theme="@style/navermap_app" />
96-->[com.naver.maps:map-sdk:3.9.1] AndroidManifest.xml:32:13-48
97        <activity
97-->[com.naver.maps:map-sdk:3.9.1] AndroidManifest.xml:33:9-37:51
98            android:name="com.naver.maps.map.app.OpenSourceLicenseActivity"
98-->[com.naver.maps:map-sdk:3.9.1] AndroidManifest.xml:34:13-76
99            android:configChanges="screenSize|smallestScreenSize|screenLayout|orientation"
99-->[com.naver.maps:map-sdk:3.9.1] AndroidManifest.xml:35:13-91
100            android:label="@string/navermap_open_source_license"
100-->[com.naver.maps:map-sdk:3.9.1] AndroidManifest.xml:36:13-65
101            android:theme="@style/navermap_app" />
101-->[com.naver.maps:map-sdk:3.9.1] AndroidManifest.xml:37:13-48
102        <activity
102-->[com.google.android.gms:play-services-base:18.1.0] AndroidManifest.xml:20:9-22:45
103            android:name="com.google.android.gms.common.api.GoogleApiActivity"
103-->[com.google.android.gms:play-services-base:18.1.0] AndroidManifest.xml:20:19-85
104            android:exported="false"
104-->[com.google.android.gms:play-services-base:18.1.0] AndroidManifest.xml:22:19-43
105            android:theme="@android:style/Theme.Translucent.NoTitleBar" />
105-->[com.google.android.gms:play-services-base:18.1.0] AndroidManifest.xml:21:19-78
106
107        <meta-data
107-->[com.google.android.gms:play-services-basement:18.1.0] AndroidManifest.xml:21:9-23:69
108            android:name="com.google.android.gms.version"
108-->[com.google.android.gms:play-services-basement:18.1.0] AndroidManifest.xml:22:13-58
109            android:value="@integer/google_play_services_version" />
109-->[com.google.android.gms:play-services-basement:18.1.0] AndroidManifest.xml:23:13-66
110    </application>
111
112</manifest>